<?xml version="1.0" encoding="UTF-8"?>
<testng-results ignored="0" total="9" passed="8" failed="1" skipped="0">
  <reporter-output>
  </reporter-output>
  <suite started-at="2026-03-31T13:31:52 IST" name="Default suite" finished-at="2026-03-31T13:39:18 IST" duration-ms="446473">
    <groups>
      <group name="cucumber">
        <method signature="AbstractTestNGCucumberTests.runScenario(io.cucumber.testng.PickleWrapper,io.cucumber.testng.FeatureWrapper)[pri:0, instance:runner.TestRunner@480d3575]" name="runScenario" class="io.cucumber.testng.AbstractTestNGCucumberTests"/>
      </group> <!-- cucumber -->
    </groups>
    <test started-at="2026-03-31T13:31:52 IST" name="Default test" finished-at="2026-03-31T13:39:18 IST" duration-ms="446473">
      <class name="runner.TestRunner">
        <test-method is-config="true" signature="setUpClass(org.testng.ITestContext)[pri:0, instance:runner.TestRunner@480d3575]" started-at="2026-03-31T13:31:52 IST" name="setUpClass" finished-at="2026-03-31T13:31:53 IST" duration-ms="597" status="PASS">
          <params>
            <param index="0">
              <value>
                <![CDATA[org.testng.TestRunner@30cea3ae]]>
              </value>
            </param>
          </params>
          <reporter-output>
          </reporter-output>
        </test-method> <!-- setUpClass -->
        <test-method signature="runScenario(io.cucumber.testng.PickleWrapper,io.cucumber.testng.FeatureWrapper)[pri:0, instance:runner.TestRunner@480d3575]" started-at="2026-03-31T13:31:53 IST" name="runScenario" description="Runs Cucumber Scenarios" data-provider="scenarios" finished-at="2026-03-31T13:33:42 IST" duration-ms="109672" status="PASS">
          <params>
            <param index="0">
              <value>
                <![CDATA["To verify Painting made easy Get Free Quote flow including questionnaire, date & time selection, and confirmation for logged-in user"]]>
              </value>
            </param>
            <param index="1">
              <value>
                <![CDATA["To Validate Painting Made Easy Form-Get Free Quote functionality"]]>
              </value>
            </param>
          </params>
          <reporter-output>
          </reporter-output>
        </test-method> <!-- runScenario -->
        <test-method signature="runScenario(io.cucumber.testng.PickleWrapper,io.cucumber.testng.FeatureWrapper)[pri:0, instance:runner.TestRunner@480d3575]" started-at="2026-03-31T13:33:42 IST" name="runScenario" description="Runs Cucumber Scenarios" data-provider="scenarios" finished-at="2026-03-31T13:34:44 IST" duration-ms="62254" status="PASS">
          <params>
            <param index="0">
              <value>
                <![CDATA["To verify thank you pop-up appears when user selects I’ll do it later option"]]>
              </value>
            </param>
            <param index="1">
              <value>
                <![CDATA["To Validate Painting Made Easy Form-Get Free Quote functionality"]]>
              </value>
            </param>
          </params>
          <reporter-output>
          </reporter-output>
        </test-method> <!-- runScenario -->
        <test-method signature="runScenario(io.cucumber.testng.PickleWrapper,io.cucumber.testng.FeatureWrapper)[pri:0, instance:runner.TestRunner@480d3575]" started-at="2026-03-31T13:34:44 IST" name="runScenario" description="Runs Cucumber Scenarios" data-provider="scenarios" finished-at="2026-03-31T13:35:59 IST" duration-ms="74335" status="FAIL">
          <params>
            <param index="0">
              <value>
                <![CDATA["To verify thank you pop-up is displayed when user skips all questions"]]>
              </value>
            </param>
            <param index="1">
              <value>
                <![CDATA["To Validate Painting Made Easy Form-Get Free Quote functionality"]]>
              </value>
            </param>
          </params>
          <exception class="org.openqa.selenium.TimeoutException">
            <message>
              <![CDATA[Expected condition failed: waiting for visibility of [[ChromeDriver: chrome on windows (2a9ad99b7c447ff90c0467342a788cda)] -> xpath: (//a[@id='projectDetailsSkip'])[2]] (tried for 20 second(s) with 500 milliseconds interval)
Build info: version: '4.38.0', revision: '6b412e825c*'
System info: os.name: 'Windows 11', os.arch: 'amd64', os.version: '10.0', java.version: '11.0.19'
Driver info: org.openqa.selenium.chrome.ChromeDriver
Capabilities {acceptInsecureCerts: false, browserName: chrome, browserVersion: 146.0.7680.165, chrome: {chromedriverVersion: 146.0.7680.165 (4b989da09e1..., userDataDir: C:\Users\KANCHA~1.TAM\AppDa...}, fedcm:accounts: true, goog:chromeOptions: {debuggerAddress: localhost:53236}, goog:processID: 276640, networkConnectionEnabled: false, pageLoadStrategy: normal, platformName: windows, proxy: Proxy(), se:cdp: ws://localhost:53236/devtoo..., se:cdpVersion: 146.0.7680.165, setWindowRect: true, strictFileInteractability: false, timeouts: {implicit: 0, pageLoad: 300000, script: 30000}, unhandledPromptBehavior: dismiss and notify, webauthn:extension:credBlob: true, webauthn:extension:largeBlob: true, webauthn:extension:minPinLength: true, webauthn:extension:prf: true, webauthn:virtualAuthenticators: true}
Session ID: 2a9ad99b7c447ff90c0467342a788cda]]>
            </message>
            <full-stacktrace>
              <![CDATA[org.openqa.selenium.TimeoutException: Expected condition failed: waiting for visibility of [[ChromeDriver: chrome on windows (2a9ad99b7c447ff90c0467342a788cda)] -> xpath: (//a[@id='projectDetailsSkip'])[2]] (tried for 20 second(s) with 500 milliseconds interval)
Build info: version: '4.38.0', revision: '6b412e825c*'
System info: os.name: 'Windows 11', os.arch: 'amd64', os.version: '10.0', java.version: '11.0.19'
Driver info: org.openqa.selenium.chrome.ChromeDriver
Capabilities {acceptInsecureCerts: false, browserName: chrome, browserVersion: 146.0.7680.165, chrome: {chromedriverVersion: 146.0.7680.165 (4b989da09e1..., userDataDir: C:\Users\KANCHA~1.TAM\AppDa...}, fedcm:accounts: true, goog:chromeOptions: {debuggerAddress: localhost:53236}, goog:processID: 276640, networkConnectionEnabled: false, pageLoadStrategy: normal, platformName: windows, proxy: Proxy(), se:cdp: ws://localhost:53236/devtoo..., se:cdpVersion: 146.0.7680.165, setWindowRect: true, strictFileInteractability: false, timeouts: {implicit: 0, pageLoad: 300000, script: 30000}, unhandledPromptBehavior: dismiss and notify, webauthn:extension:credBlob: true, webauthn:extension:largeBlob: true, webauthn:extension:minPinLength: true, webauthn:extension:prf: true, webauthn:virtualAuthenticators: true}
Session ID: 2a9ad99b7c447ff90c0467342a788cda
at org.openqa.selenium.support.ui.WebDriverWait.timeoutException(WebDriverWait.java:84)
at org.openqa.selenium.support.ui.FluentWait.until(FluentWait.java:228)
at commonutilities.WebDriverWaitHelper.waitForElementVisible(WebDriverWaitHelper.java:72)
at stepdefinition.Painting_Made_Easy_Step.user_clicks_on_the_skip_for_now_option_in_the_painting_requirements_question(Painting_Made_Easy_Step.java:97)
at ✽.User clicks on the Skip for now option in the painting requirements question(file:///C:/Backup/Birla/Birlaopus_selenium/com.BirlaOpus/Birlaopus/src/test/resources/features/Painting_Made_Easy.feature:58)
]]>
            </full-stacktrace>
          </exception> <!-- org.openqa.selenium.TimeoutException -->
          <reporter-output>
          </reporter-output>
        </test-method> <!-- runScenario -->
        <test-method signature="runScenario(io.cucumber.testng.PickleWrapper,io.cucumber.testng.FeatureWrapper)[pri:0, instance:runner.TestRunner@480d3575]" started-at="2026-03-31T13:35:59 IST" name="runScenario" description="Runs Cucumber Scenarios" data-provider="scenarios" finished-at="2026-03-31T13:36:48 IST" duration-ms="48790" status="PASS">
          <params>
            <param index="0">
              <value>
                <![CDATA["To verify pop-up is displayed when an unserviceable PIN code is entered"]]>
              </value>
            </param>
            <param index="1">
              <value>
                <![CDATA["To Validate Painting Made Easy Form-Get Free Quote functionality"]]>
              </value>
            </param>
          </params>
          <reporter-output>
          </reporter-output>
        </test-method> <!-- runScenario -->
        <test-method signature="runScenario(io.cucumber.testng.PickleWrapper,io.cucumber.testng.FeatureWrapper)[pri:0, instance:runner.TestRunner@480d3575]" started-at="2026-03-31T13:36:48 IST" name="runScenario" description="Runs Cucumber Scenarios" data-provider="scenarios" finished-at="2026-03-31T13:37:14 IST" duration-ms="26235" status="PASS">
          <params>
            <param index="0">
              <value>
                <![CDATA["To verify error message is displayed to the user when entered incorrect mobile number on create an account option"]]>
              </value>
            </param>
            <param index="1">
              <value>
                <![CDATA["To Validate Painting Made Easy Form-Get Free Quote functionality"]]>
              </value>
            </param>
          </params>
          <reporter-output>
          </reporter-output>
        </test-method> <!-- runScenario -->
        <test-method signature="runScenario(io.cucumber.testng.PickleWrapper,io.cucumber.testng.FeatureWrapper)[pri:0, instance:runner.TestRunner@480d3575]" started-at="2026-03-31T13:37:14 IST" name="runScenario" description="Runs Cucumber Scenarios" data-provider="scenarios" finished-at="2026-03-31T13:37:46 IST" duration-ms="31886" status="PASS">
          <params>
            <param index="0">
              <value>
                <![CDATA["To verify error message is displayed to the user when entered incorrect first name"]]>
              </value>
            </param>
            <param index="1">
              <value>
                <![CDATA["To Validate Painting Made Easy Form-Get Free Quote functionality"]]>
              </value>
            </param>
          </params>
          <reporter-output>
          </reporter-output>
        </test-method> <!-- runScenario -->
        <test-method signature="runScenario(io.cucumber.testng.PickleWrapper,io.cucumber.testng.FeatureWrapper)[pri:0, instance:runner.TestRunner@480d3575]" started-at="2026-03-31T13:37:46 IST" name="runScenario" description="Runs Cucumber Scenarios" data-provider="scenarios" finished-at="2026-03-31T13:38:17 IST" duration-ms="31062" status="PASS">
          <params>
            <param index="0">
              <value>
                <![CDATA["To verify error message is displayed to the user when entered incorrect last name"]]>
              </value>
            </param>
            <param index="1">
              <value>
                <![CDATA["To Validate Painting Made Easy Form-Get Free Quote functionality"]]>
              </value>
            </param>
          </params>
          <reporter-output>
          </reporter-output>
        </test-method> <!-- runScenario -->
        <test-method signature="runScenario(io.cucumber.testng.PickleWrapper,io.cucumber.testng.FeatureWrapper)[pri:0, instance:runner.TestRunner@480d3575]" started-at="2026-03-31T13:38:17 IST" name="runScenario" description="Runs Cucumber Scenarios" data-provider="scenarios" finished-at="2026-03-31T13:38:47 IST" duration-ms="30248" status="PASS">
          <params>
            <param index="0">
              <value>
                <![CDATA["To verify error message is displayed to the user when entered incorrect email id"]]>
              </value>
            </param>
            <param index="1">
              <value>
                <![CDATA["To Validate Painting Made Easy Form-Get Free Quote functionality"]]>
              </value>
            </param>
          </params>
          <reporter-output>
          </reporter-output>
        </test-method> <!-- runScenario -->
        <test-method signature="runScenario(io.cucumber.testng.PickleWrapper,io.cucumber.testng.FeatureWrapper)[pri:0, instance:runner.TestRunner@480d3575]" started-at="2026-03-31T13:38:47 IST" name="runScenario" description="Runs Cucumber Scenarios" data-provider="scenarios" finished-at="2026-03-31T13:39:14 IST" duration-ms="26516" status="PASS">
          <params>
            <param index="0">
              <value>
                <![CDATA["To verify error message is displayed to the user when entered incorrect mobile number on sign-in"]]>
              </value>
            </param>
            <param index="1">
              <value>
                <![CDATA["To Validate Painting Made Easy Form-Get Free Quote functionality"]]>
              </value>
            </param>
          </params>
          <reporter-output>
          </reporter-output>
        </test-method> <!-- runScenario -->
        <test-method is-config="true" signature="tearDownClass()[pri:0, instance:runner.TestRunner@480d3575]" started-at="2026-03-31T13:39:14 IST" name="tearDownClass" finished-at="2026-03-31T13:39:18 IST" duration-ms="4833" status="PASS">
          <reporter-output>
          </reporter-output>
        </test-method> <!-- tearDownClass -->
      </class> <!-- runner.TestRunner -->
    </test> <!-- Default test -->
  </suite> <!-- Default suite -->
</testng-results>
