<?xml version="1.0" encoding="UTF-8"?>
<!-- Generated by org.testng.reporters.JUnitReportReporter -->
<testsuite hostname="TP112" failures="0" tests="48" name="runner.TestRunner" time="2067.602" errors="1" timestamp="2026-01-05T14:25:40 IST" skipped="0">
  <testcase classname="runner.TestRunner" name="runScenario" time="34.801"/>
  <system-out/>
  <testcase classname="runner.TestRunner" name="runScenario" time="12.312"/>
  <system-out/>
  <testcase classname="runner.TestRunner" name="runScenario" time="33.445"/>
  <system-out/>
  <testcase classname="runner.TestRunner" name="runScenario" time="37.674"/>
  <system-out/>
  <testcase classname="runner.TestRunner" name="runScenario" time="14.310"/>
  <system-out/>
  <testcase classname="runner.TestRunner" name="runScenario" time="26.401"/>
  <system-out/>
  <testcase classname="runner.TestRunner" name="runScenario" time="26.397"/>
  <system-out/>
  <testcase classname="runner.TestRunner" name="runScenario" time="82.318"/>
  <system-out/>
  <testcase classname="runner.TestRunner" name="runScenario" time="43.344"/>
  <system-out/>
  <testcase classname="runner.TestRunner" name="runScenario" time="36.750"/>
  <system-out/>
  <testcase classname="runner.TestRunner" name="runScenario" time="10.690"/>
  <system-out/>
  <testcase classname="runner.TestRunner" name="runScenario" time="64.632"/>
  <system-out/>
  <testcase classname="runner.TestRunner" name="runScenario" time="23.576"/>
  <system-out/>
  <testcase classname="runner.TestRunner" name="runScenario" time="37.509"/>
  <system-out/>
  <testcase classname="runner.TestRunner" name="runScenario" time="50.689"/>
  <system-out/>
  <testcase classname="runner.TestRunner" name="runScenario" time="6.301"/>
  <system-out/>
  <testcase classname="runner.TestRunner" name="runScenario" time="147.792"/>
  <system-out/>
  <testcase classname="runner.TestRunner" name="runScenario" time="35.488"/>
  <system-out/>
  <testcase classname="runner.TestRunner" name="runScenario" time="16.327"/>
  <system-out/>
  <testcase classname="runner.TestRunner" name="runScenario" time="42.234"/>
  <system-out/>
  <testcase classname="runner.TestRunner" name="runScenario" time="21.778"/>
  <system-out/>
  <testcase classname="runner.TestRunner" name="runScenario" time="28.837"/>
  <system-out/>
  <testcase classname="runner.TestRunner" name="runScenario" time="12.540"/>
  <system-out/>
  <testcase classname="runner.TestRunner" name="runScenario" time="45.329"/>
  <system-out/>
  <testcase classname="runner.TestRunner" name="runScenario" time="183.986"/>
  <system-out/>
  <testcase classname="runner.TestRunner" name="runScenario" time="38.119"/>
  <system-out/>
  <testcase classname="runner.TestRunner" name="runScenario" time="9.166"/>
  <system-out/>
  <testcase classname="runner.TestRunner" name="runScenario" time="55.456"/>
  <system-out/>
  <testcase classname="runner.TestRunner" name="runScenario" time="63.856"/>
  <system-out/>
  <testcase classname="runner.TestRunner" name="runScenario" time="6.126"/>
  <system-out/>
  <testcase classname="runner.TestRunner" name="runScenario" time="61.353"/>
  <system-out/>
  <testcase classname="runner.TestRunner" name="runScenario" time="14.203"/>
  <system-out/>
  <testcase classname="runner.TestRunner" name="runScenario" time="37.053"/>
  <system-out/>
  <testcase classname="runner.TestRunner" name="runScenario" time="37.833"/>
  <system-out/>
  <testcase classname="runner.TestRunner" name="runScenario" time="60.256"/>
  <system-out/>
  <testcase classname="runner.TestRunner" name="runScenario" time="20.747"/>
  <system-out/>
  <testcase classname="runner.TestRunner" name="runScenario" time="10.519"/>
  <system-out/>
  <testcase classname="runner.TestRunner" name="runScenario" time="19.891"/>
  <system-out/>
  <testcase classname="runner.TestRunner" name="runScenario" time="23.529"/>
  <system-out/>
  <testcase classname="runner.TestRunner" name="runScenario" time="18.401"/>
  <system-out/>
  <testcase classname="runner.TestRunner" name="runScenario" time="36.782"/>
  <system-out/>
  <testcase classname="runner.TestRunner" name="runScenario" time="89.143">
    <error message="stale element reference: stale element not found in the current frame
  (Session info: chrome=143.0.7499.170)
For documentation on this error, please visit: https://www.selenium.dev/documentation/webdriver/troubleshooting/errors#stale-element-reference-exception
Build info: version: &#039;4.22.0&#039;, revision: &#039;c5f3146703*&#039;
System info: os.name: &#039;Windows 11&#039;, os.arch: &#039;amd64&#039;, os.version: &#039;10.0&#039;, java.version: &#039;11.0.19&#039;
Driver info: org.openqa.selenium.chrome.ChromeDriver
Command: [cfe578cc4c1f9147ede4838059f26b1c, getElementText {id=f.A6B038D079137843FB4F477199CBAF7E.d.5CC089C7CE0C30983242677F3413BADA.e.827}]
Capabilities {acceptInsecureCerts: false, browserName: chrome, browserVersion: 143.0.7499.170, chrome: {chromedriverVersion: 143.0.7499.169 (164b20aab62..., userDataDir: C:\Users\KANCHA~1.TAM\AppDa...}, fedcm:accounts: true, goog:chromeOptions: {debuggerAddress: localhost:55450}, goog:processID: 153844, networkConnectionEnabled: false, pageLoadStrategy: normal, platformName: windows, proxy: Proxy(), se:cdp: ws://localhost:55450/devtoo..., se:cdpVersion: 143.0.7499.170, setWindowRect: true, strictFileInteractability: false, timeouts: {implicit: 0, pageLoad: 300000, script: 30000}, unhandledPromptBehavior: dismiss and notify, webauthn:extension:credBlob: true, webauthn:extension:largeBlob: true, webauthn:extension:minPinLength: true, webauthn:extension:prf: true, webauthn:virtualAuthenticators: true}
Element: [[ChromeDriver: chrome on windows (cfe578cc4c1f9147ede4838059f26b1c)] -&gt; css selector: span.cart__card-qty]
Session ID: cfe578cc4c1f9147ede4838059f26b1c" type="org.openqa.selenium.StaleElementReferenceException">
      <![CDATA[org.openqa.selenium.StaleElementReferenceException: stale element reference: stale element not found in the current frame
  (Session info: chrome=143.0.7499.170)
For documentation on this error, please visit: https://www.selenium.dev/documentation/webdriver/troubleshooting/errors#stale-element-reference-exception
Build info: version: '4.22.0', revision: 'c5f3146703*'
System info: os.name: 'Windows 11', os.arch: 'amd64', os.version: '10.0', java.version: '11.0.19'
Driver info: org.openqa.selenium.chrome.ChromeDriver
Command: [cfe578cc4c1f9147ede4838059f26b1c, getElementText {id=f.A6B038D079137843FB4F477199CBAF7E.d.5CC089C7CE0C30983242677F3413BADA.e.827}]
Capabilities {acceptInsecureCerts: false, browserName: chrome, browserVersion: 143.0.7499.170, chrome: {chromedriverVersion: 143.0.7499.169 (164b20aab62..., userDataDir: C:\Users\KANCHA~1.TAM\AppDa...}, fedcm:accounts: true, goog:chromeOptions: {debuggerAddress: localhost:55450}, goog:processID: 153844, networkConnectionEnabled: false, pageLoadStrategy: normal, platformName: windows, proxy: Proxy(), se:cdp: ws://localhost:55450/devtoo..., se:cdpVersion: 143.0.7499.170, setWindowRect: true, strictFileInteractability: false, timeouts: {implicit: 0, pageLoad: 300000, script: 30000}, unhandledPromptBehavior: dismiss and notify, webauthn:extension:credBlob: true, webauthn:extension:largeBlob: true, webauthn:extension:minPinLength: true, webauthn:extension:prf: true, webauthn:virtualAuthenticators: true}
Element: [[ChromeDriver: chrome on windows (cfe578cc4c1f9147ede4838059f26b1c)] -> css selector: span.cart__card-qty]
Session ID: cfe578cc4c1f9147ede4838059f26b1c
at java.base/jdk.internal.reflect.NativeConstructorAccessorImpl.newInstance0(Native Method)
at java.base/jdk.internal.reflect.NativeConstructorAccessorImpl.newInstance(NativeConstructorAccessorImpl.java:62)
at java.base/jdk.internal.reflect.DelegatingConstructorAccessorImpl.newInstance(DelegatingConstructorAccessorImpl.java:45)
at java.base/java.lang.reflect.Constructor.newInstance(Constructor.java:490)
at org.openqa.selenium.remote.ErrorCodec.decode(ErrorCodec.java:167)
at org.openqa.selenium.remote.codec.w3c.W3CHttpResponseCodec.decode(W3CHttpResponseCodec.java:138)
at org.openqa.selenium.remote.codec.w3c.W3CHttpResponseCodec.decode(W3CHttpResponseCodec.java:50)
at org.openqa.selenium.remote.HttpCommandExecutor.execute(HttpCommandExecutor.java:190)
at org.openqa.selenium.remote.service.DriverCommandExecutor.invokeExecute(DriverCommandExecutor.java:216)
at org.openqa.selenium.remote.service.DriverCommandExecutor.execute(DriverCommandExecutor.java:174)
at org.openqa.selenium.remote.RemoteWebDriver.execute(RemoteWebDriver.java:518)
at org.openqa.selenium.remote.RemoteWebElement.execute(RemoteWebElement.java:223)
at org.openqa.selenium.remote.RemoteWebElement.getText(RemoteWebElement.java:191)
at pagefunctions.End_to_End_Flow_Page.lambda$5(End_to_End_Flow_Page.java:378)
at org.openqa.selenium.support.ui.FluentWait.until(FluentWait.java:203)
at pagefunctions.End_to_End_Flow_Page.updateCartQuantity(End_to_End_Flow_Page.java:377)
at stepdefinition.End_To_End_Flow_Step.user_increase_the_product_quantity(End_To_End_Flow_Step.java:115)
at ✽.User increase the product quantity "2"(file:///C:/Backup/Birla/Birlaopus_selenium/com.BirlaOpus/Birlaopus/src/test/resources/features/End_to_End_%20Profuct_Journey.feature:99)
]]>
    </error>
  </testcase> <!-- runScenario -->
  <system-out/>
  <testcase classname="runner.TestRunner" name="runScenario" time="84.015"/>
  <system-out/>
  <testcase classname="runner.TestRunner" name="runScenario" time="66.060"/>
  <system-out/>
  <testcase classname="runner.TestRunner" name="runScenario" time="21.102"/>
  <system-out/>
  <testcase classname="runner.TestRunner" name="runScenario" time="83.147"/>
  <system-out/>
  <testcase classname="runner.TestRunner" name="runScenario" time="102.373"/>
  <system-out/>
  <testcase classname="runner.TestRunner" name="runScenario" time="33.012"/>
  <system-out/>
</testsuite> <!-- runner.TestRunner -->
